

Started GET "/" for 127.0.0.1 at 2013-03-07 15:42:53 +0700
  Processing by HomeController#index as HTML
  [1m[36m (0.2ms)[0m  [1mSHOW search_path[0m
  [1m[35m (1.1ms)[0m  SELECT COUNT(*) FROM "clients" 
  [1m[36mClient Load (0.9ms)[0m  [1mSELECT "clients".* FROM "clients" LIMIT 10 OFFSET 0[0m
Rendered home/index.html.haml within layouts/application (85.3ms)
Compiled application.css  (2ms)  (pid 29186)
Compiled home.css  (38ms)  (pid 29186)
Compiled jquery.alerts.css  (0ms)  (pid 29186)
Compiled reset.css  (0ms)  (pid 29186)
Compiled style.css  (0ms)  (pid 29186)
Compiled application.js  (6ms)  (pid 29186)
Compiled jquery.js  (2ms)  (pid 29186)
Compiled jquery_ujs.js  (0ms)  (pid 29186)
Compiled home.js  (348ms)  (pid 29186)
Compiled i18n/i18n.js  (1ms)  (pid 29186)
Compiled i18n/translations.js  (0ms)  (pid 29186)
Compiled jquery.alerts.js  (0ms)  (pid 29186)
Compiled jquery.mtask.js  (0ms)  (pid 29186)
Compiled jquery.validate.min.js  (0ms)  (pid 29186)
Compiled layout.js  (0ms)  (pid 29186)
Completed 200 OK in 628ms (Views: 591.9ms | ActiveRecord: 23.9ms)


Started GET "/assets/application.css?body=1" for 127.0.0.1 at 2013-03-07 15:42:55 +0700
Served asset /application.css - 200 OK (18ms)


Started GET "/assets/reset.css?body=1" for 127.0.0.1 at 2013-03-07 15:42:55 +0700
Served asset /reset.css - 304 Not Modified (3ms)


Started GET "/assets/home.css?body=1" for 127.0.0.1 at 2013-03-07 15:42:55 +0700
Served asset /home.css - 304 Not Modified (2ms)


Started GET "/assets/jquery.alerts.css?body=1" for 127.0.0.1 at 2013-03-07 15:42:55 +0700
Served asset /jquery.alerts.css - 304 Not Modified (2ms)


Started GET "/assets/style.css?body=1" for 127.0.0.1 at 2013-03-07 15:42:55 +0700
Served asset /style.css - 304 Not Modified (9ms)


Started GET "/assets/jquery.js?body=1" for 127.0.0.1 at 2013-03-07 15:42:55 +0700
Served asset /jquery.js - 304 Not Modified (8ms)


Started GET "/assets/jquery_ujs.js?body=1" for 127.0.0.1 at 2013-03-07 15:42:55 +0700
Served asset /jquery_ujs.js - 304 Not Modified (4ms)


Started GET "/assets/home.js?body=1" for 127.0.0.1 at 2013-03-07 15:42:55 +0700
Served asset /home.js - 304 Not Modified (2ms)


Started GET "/assets/i18n/i18n.js?body=1" for 127.0.0.1 at 2013-03-07 15:42:55 +0700
Served asset /i18n/i18n.js - 304 Not Modified (2ms)


Started GET "/assets/i18n/translations.js?body=1" for 127.0.0.1 at 2013-03-07 15:42:55 +0700
Served asset /i18n/translations.js - 304 Not Modified (9ms)


Started GET "/assets/jquery.alerts.js?body=1" for 127.0.0.1 at 2013-03-07 15:42:55 +0700
Served asset /jquery.alerts.js - 304 Not Modified (2ms)


Started GET "/assets/jquery.validate.min.js?body=1" for 127.0.0.1 at 2013-03-07 15:42:55 +0700
Served asset /jquery.validate.min.js - 304 Not Modified (5ms)


Started GET "/assets/jquery.mtask.js?body=1" for 127.0.0.1 at 2013-03-07 15:42:55 +0700
Served asset /jquery.mtask.js - 304 Not Modified (58ms)


Started GET "/assets/layout.js?body=1" for 127.0.0.1 at 2013-03-07 15:42:55 +0700
Served asset /layout.js - 304 Not Modified (2ms)


Started GET "/assets/application.js?body=1" for 127.0.0.1 at 2013-03-07 15:42:55 +0700
Served asset /application.js - 304 Not Modified (7ms)


Started GET "/assets/starlight/icons/default/sprites.png" for 127.0.0.1 at 2013-03-07 15:42:55 +0700
Served asset /starlight/icons/default/sprites.png - 304 Not Modified (12ms)


Started GET "/assets/starlight/bgmain.png" for 127.0.0.1 at 2013-03-07 15:42:55 +0700
Served asset /starlight/bgmain.png - 304 Not Modified (2ms)


Started GET "/assets/starlight/titlebg.png" for 127.0.0.1 at 2013-03-07 15:42:55 +0700
Served asset /starlight/titlebg.png - 304 Not Modified (3ms)


Started GET "/assets/starlight/buttons.png" for 127.0.0.1 at 2013-03-07 15:42:55 +0700
Served asset /starlight/buttons.png - 304 Not Modified (3ms)


Started GET "/assets/starlight/checkbox.png" for 127.0.0.1 at 2013-03-07 15:42:55 +0700
Served asset /starlight/checkbox.png - 304 Not Modified (4ms)


Started GET "/assets/BebasNeue-webfont.woff" for 127.0.0.1 at 2013-03-07 15:42:55 +0700
Served asset /BebasNeue-webfont.woff - 304 Not Modified (3ms)


Started GET "/assets/application.css?body=1" for 127.0.0.1 at 2013-03-07 15:42:55 +0700
Served asset /application.css - 304 Not Modified (0ms)


Started GET "/assets/home.css?body=1" for 127.0.0.1 at 2013-03-07 15:42:55 +0700
Served asset /home.css - 304 Not Modified (0ms)


Started GET "/assets/jquery.alerts.css?body=1" for 127.0.0.1 at 2013-03-07 15:42:55 +0700
Served asset /jquery.alerts.css - 304 Not Modified (0ms)


Started GET "/assets/reset.css?body=1" for 127.0.0.1 at 2013-03-07 15:42:55 +0700
Served asset /reset.css - 304 Not Modified (0ms)


Started GET "/assets/style.css?body=1" for 127.0.0.1 at 2013-03-07 15:42:55 +0700
Served asset /style.css - 304 Not Modified (0ms)


Started GET "/assets/loading_128.gif" for 127.0.0.1 at 2013-03-07 15:43:03 +0700
Served asset /loading_128.gif - 304 Not Modified (8ms)


Started POST "/home/item_per_page" for 127.0.0.1 at 2013-03-07 15:43:03 +0700
  Processing by HomeController#item_per_page as JSON
  Parameters: {"page"=>"1", "per"=>"25"}
  [1m[35m (0.3ms)[0m  SELECT COUNT(*) FROM "clients" 
  [1m[36mClient Load (0.4ms)[0m  [1mSELECT "clients".* FROM "clients" LIMIT 25 OFFSET 0[0m
Completed 200 OK in 65ms (Views: 55.0ms | ActiveRecord: 4.9ms)


Started GET "/assets/loading_128.gif" for 127.0.0.1 at 2013-03-07 15:43:06 +0700
Served asset /loading_128.gif - 304 Not Modified (0ms)


Started POST "/home/item_per_page" for 127.0.0.1 at 2013-03-07 15:43:06 +0700
  Processing by HomeController#item_per_page as JSON
  Parameters: {"page"=>"1", "per"=>"10"}
  [1m[35m (0.3ms)[0m  SELECT COUNT(*) FROM "clients" 
  [1m[36mClient Load (0.4ms)[0m  [1mSELECT "clients".* FROM "clients" LIMIT 10 OFFSET 0[0m
Completed 200 OK in 31ms (Views: 17.3ms | ActiveRecord: 6.1ms)


Started GET "/assets/starlight/loaders/loader1.gif" for 127.0.0.1 at 2013-03-07 15:51:55 +0700
Served asset /starlight/loaders/loader1.gif - 304 Not Modified (9ms)


Started POST "/home/get_infor" for 127.0.0.1 at 2013-03-07 15:51:55 +0700
  Processing by HomeController#get_infor as JSON
Completed 500 Internal Server Error in 79ms

Faraday::Error::ConnectionFailed (Connection refused - connect(2)):
  app/controllers/home_controller.rb:36:in `get_infor'

Rendered /home/tin/.rvm/gems/ruby-1.9.3-p374@global/gems/actionpack-3.1.10/lib/action_dispatch/middleware/templates/rescues/_trace.erb (35.8ms)
Rendered /home/tin/.rvm/gems/ruby-1.9.3-p374@global/gems/actionpack-3.1.10/lib/action_dispatch/middleware/templates/rescues/_request_and_response.erb (1.3ms)
Rendered /home/tin/.rvm/gems/ruby-1.9.3-p374@global/gems/actionpack-3.1.10/lib/action_dispatch/middleware/templates/rescues/diagnostics.erb within rescues/layout (39.8ms)


Started GET "/" for 127.0.0.1 at 2013-03-07 15:52:53 +0700
  Processing by HomeController#index as HTML
  [1m[35m (0.4ms)[0m  SELECT COUNT(*) FROM "clients" 
  [1m[36mClient Load (0.5ms)[0m  [1mSELECT "clients".* FROM "clients" LIMIT 10 OFFSET 0[0m
Rendered home/index.html.haml within layouts/application (21.8ms)
Compiled application.js  (6ms)  (pid 29186)
Compiled i18n/translations.js  (0ms)  (pid 29186)
Completed 200 OK in 56ms (Views: 46.6ms | ActiveRecord: 4.9ms)


Started GET "/assets/jquery.alerts.css?body=1" for 127.0.0.1 at 2013-03-07 15:52:53 +0700
Served asset /jquery.alerts.css - 304 Not Modified (0ms)


Started GET "/assets/reset.css?body=1" for 127.0.0.1 at 2013-03-07 15:52:53 +0700
Served asset /reset.css - 304 Not Modified (0ms)


Started GET "/assets/application.css?body=1" for 127.0.0.1 at 2013-03-07 15:52:53 +0700
Served asset /application.css - 304 Not Modified (0ms)


Started GET "/assets/style.css?body=1" for 127.0.0.1 at 2013-03-07 15:52:53 +0700
Served asset /style.css - 304 Not Modified (0ms)


Started GET "/assets/home.css?body=1" for 127.0.0.1 at 2013-03-07 15:52:53 +0700
Served asset /home.css - 304 Not Modified (0ms)


Started GET "/assets/jquery.js?body=1" for 127.0.0.1 at 2013-03-07 15:52:53 +0700
Served asset /jquery.js - 304 Not Modified (0ms)


Started GET "/assets/jquery_ujs.js?body=1" for 127.0.0.1 at 2013-03-07 15:52:53 +0700
Served asset /jquery_ujs.js - 304 Not Modified (0ms)


Started GET "/assets/i18n/translations.js?body=1" for 127.0.0.1 at 2013-03-07 15:52:53 +0700
Served asset /i18n/translations.js - 304 Not Modified (9ms)


Started GET "/assets/i18n/i18n.js?body=1" for 127.0.0.1 at 2013-03-07 15:52:53 +0700
Served asset /i18n/i18n.js - 304 Not Modified (0ms)


Started GET "/assets/home.js?body=1" for 127.0.0.1 at 2013-03-07 15:52:53 +0700
Served asset /home.js - 304 Not Modified (0ms)


Started GET "/assets/jquery.alerts.js?body=1" for 127.0.0.1 at 2013-03-07 15:52:53 +0700
Served asset /jquery.alerts.js - 304 Not Modified (0ms)


Started GET "/assets/jquery.mtask.js?body=1" for 127.0.0.1 at 2013-03-07 15:52:53 +0700
Served asset /jquery.mtask.js - 304 Not Modified (0ms)


Started GET "/assets/layout.js?body=1" for 127.0.0.1 at 2013-03-07 15:52:53 +0700
Served asset /layout.js - 304 Not Modified (0ms)


Started GET "/assets/jquery.validate.min.js?body=1" for 127.0.0.1 at 2013-03-07 15:52:53 +0700
Served asset /jquery.validate.min.js - 304 Not Modified (0ms)


Started GET "/assets/application.js?body=1" for 127.0.0.1 at 2013-03-07 15:52:53 +0700
Served asset /application.js - 304 Not Modified (6ms)


Started GET "/assets/starlight/loaders/loader1.gif" for 127.0.0.1 at 2013-03-07 15:52:56 +0700
Served asset /starlight/loaders/loader1.gif - 304 Not Modified (0ms)


Started POST "/home/get_infor" for 127.0.0.1 at 2013-03-07 15:52:56 +0700
  Processing by HomeController#get_infor as JSON


Started GET "/server/restful_api" for 127.0.0.1 at 2013-03-07 15:52:57 +0700
  Processing by ServerController#restful_api as */*
  Parameters: {"server"=>{"action"=>"restful_api", "controller"=>"server"}}
  [1m[36m (0.3ms)[0m  [1mSHOW search_path[0m
  [1m[35mItem Load (0.8ms)[0m  SELECT id, name, description FROM "items" 
Completed 200 OK in 42ms (Views: 1.1ms | ActiveRecord: 24.3ms)
  [1m[35m (0.5ms)[0m  SELECT COUNT(*) FROM "clients" WHERE "clients"."server_id" = 1
  [1m[36m (0.4ms)[0m  [1mSELECT COUNT(*) FROM "clients" WHERE "clients"."server_id" = 2[0m
  [1m[35m (0.2ms)[0m  BEGIN
  [1m[36mSQL (12.8ms)[0m  [1mINSERT INTO "clients" ("created_at", "description", "name", "server_id", "updated_at") VALUES ($1, $2, $3, $4, $5) RETURNING "id"[0m  [["created_at", Thu, 07 Mar 2013 08:52:58 UTC +00:00], ["description", "blabla........"], ["name", "nib 1"], ["server_id", 2], ["updated_at", Thu, 07 Mar 2013 08:52:58 UTC +00:00]]
  [1m[35m (37.1ms)[0m  COMMIT
  [1m[36m (0.7ms)[0m  [1mSELECT COUNT(*) FROM "clients" WHERE "clients"."server_id" = 3[0m
  [1m[35m (0.2ms)[0m  BEGIN
  [1m[36mSQL (0.7ms)[0m  [1mINSERT INTO "clients" ("created_at", "description", "name", "server_id", "updated_at") VALUES ($1, $2, $3, $4, $5) RETURNING "id"[0m  [["created_at", Thu, 07 Mar 2013 08:52:58 UTC +00:00], ["description", "blabla........"], ["name", "nib 2"], ["server_id", 3], ["updated_at", Thu, 07 Mar 2013 08:52:58 UTC +00:00]]
  [1m[35m (4.6ms)[0m  COMMIT
  [1m[36m (0.4ms)[0m  [1mSELECT COUNT(*) FROM "clients" WHERE "clients"."server_id" = 4[0m
  [1m[35m (0.1ms)[0m  BEGIN
  [1m[36mSQL (0.5ms)[0m  [1mINSERT INTO "clients" ("created_at", "description", "name", "server_id", "updated_at") VALUES ($1, $2, $3, $4, $5) RETURNING "id"[0m  [["created_at", Thu, 07 Mar 2013 08:52:58 UTC +00:00], ["description", "blabla........"], ["name", "nib 3"], ["server_id", 4], ["updated_at", Thu, 07 Mar 2013 08:52:58 UTC +00:00]]
  [1m[35m (7.9ms)[0m  COMMIT
  [1m[36m (0.4ms)[0m  [1mSELECT COUNT(*) FROM "clients" WHERE "clients"."server_id" = 5[0m
  [1m[35m (0.1ms)[0m  BEGIN
  [1m[36mSQL (0.4ms)[0m  [1mINSERT INTO "clients" ("created_at", "description", "name", "server_id", "updated_at") VALUES ($1, $2, $3, $4, $5) RETURNING "id"[0m  [["created_at", Thu, 07 Mar 2013 08:52:58 UTC +00:00], ["description", "blabla........"], ["name", "nib 4"], ["server_id", 5], ["updated_at", Thu, 07 Mar 2013 08:52:58 UTC +00:00]]
  [1m[35m (8.4ms)[0m  COMMIT
  [1m[36m (0.4ms)[0m  [1mSELECT COUNT(*) FROM "clients" WHERE "clients"."server_id" = 6[0m
  [1m[35m (0.1ms)[0m  BEGIN
  [1m[36mSQL (0.4ms)[0m  [1mINSERT INTO "clients" ("created_at", "description", "name", "server_id", "updated_at") VALUES ($1, $2, $3, $4, $5) RETURNING "id"[0m  [["created_at", Thu, 07 Mar 2013 08:52:58 UTC +00:00], ["description", "blabla........"], ["name", "nib 5"], ["server_id", 6], ["updated_at", Thu, 07 Mar 2013 08:52:58 UTC +00:00]]
  [1m[35m (8.2ms)[0m  COMMIT
  [1m[36m (0.5ms)[0m  [1mSELECT COUNT(*) FROM "clients" WHERE "clients"."server_id" = 7[0m
  [1m[35m (0.1ms)[0m  BEGIN
  [1m[36mSQL (0.5ms)[0m  [1mINSERT INTO "clients" ("created_at", "description", "name", "server_id", "updated_at") VALUES ($1, $2, $3, $4, $5) RETURNING "id"[0m  [["created_at", Thu, 07 Mar 2013 08:52:58 UTC +00:00], ["description", "blabla........"], ["name", "nib 6"], ["server_id", 7], ["updated_at", Thu, 07 Mar 2013 08:52:58 UTC +00:00]]
  [1m[35m (7.9ms)[0m  COMMIT
  [1m[36m (0.5ms)[0m  [1mSELECT COUNT(*) FROM "clients" WHERE "clients"."server_id" = 8[0m
  [1m[35m (0.1ms)[0m  BEGIN
  [1m[36mSQL (0.4ms)[0m  [1mINSERT INTO "clients" ("created_at", "description", "name", "server_id", "updated_at") VALUES ($1, $2, $3, $4, $5) RETURNING "id"[0m  [["created_at", Thu, 07 Mar 2013 08:52:58 UTC +00:00], ["description", "blabla........"], ["name", "nib 7"], ["server_id", 8], ["updated_at", Thu, 07 Mar 2013 08:52:58 UTC +00:00]]
  [1m[35m (7.6ms)[0m  COMMIT
  [1m[36m (0.4ms)[0m  [1mSELECT COUNT(*) FROM "clients" WHERE "clients"."server_id" = 9[0m
  [1m[35m (0.2ms)[0m  SELECT COUNT(*) FROM "clients" WHERE "clients"."server_id" = 10
Completed 200 OK in 2607ms (Views: 3.4ms | ActiveRecord: 106.9ms)


Started GET "/" for 127.0.0.1 at 2013-03-07 15:52:59 +0700
  Processing by HomeController#index as HTML
  [1m[36m (0.2ms)[0m  [1mSELECT COUNT(*) FROM "clients" [0m
  [1m[35mClient Load (0.4ms)[0m  SELECT "clients".* FROM "clients" LIMIT 10 OFFSET 0
  [1m[36mCACHE (0.0ms)[0m  [1mSELECT COUNT(*) FROM "clients" [0m
Rendered home/index.html.haml within layouts/application (24.7ms)
Compiled i18n/translations.js  (0ms)  (pid 29186)
Compiled application.js  (7ms)  (pid 29186)
Completed 200 OK in 107ms (Views: 97.6ms | ActiveRecord: 4.9ms)


Started GET "/assets/application.css?body=1" for 127.0.0.1 at 2013-03-07 15:52:59 +0700
Served asset /application.css - 304 Not Modified (0ms)


Started GET "/assets/jquery.alerts.css?body=1" for 127.0.0.1 at 2013-03-07 15:52:59 +0700
Served asset /jquery.alerts.css - 304 Not Modified (0ms)


Started GET "/assets/home.css?body=1" for 127.0.0.1 at 2013-03-07 15:52:59 +0700
Served asset /home.css - 304 Not Modified (0ms)


Started GET "/assets/reset.css?body=1" for 127.0.0.1 at 2013-03-07 15:52:59 +0700
Served asset /reset.css - 304 Not Modified (0ms)


Started GET "/assets/jquery.js?body=1" for 127.0.0.1 at 2013-03-07 15:52:59 +0700
Served asset /jquery.js - 304 Not Modified (0ms)


Started GET "/assets/style.css?body=1" for 127.0.0.1 at 2013-03-07 15:52:59 +0700
Served asset /style.css - 304 Not Modified (0ms)


Started GET "/assets/jquery_ujs.js?body=1" for 127.0.0.1 at 2013-03-07 15:52:59 +0700
Served asset /jquery_ujs.js - 304 Not Modified (0ms)


Started GET "/assets/i18n/i18n.js?body=1" for 127.0.0.1 at 2013-03-07 15:52:59 +0700
Served asset /i18n/i18n.js - 304 Not Modified (0ms)


Started GET "/assets/home.js?body=1" for 127.0.0.1 at 2013-03-07 15:52:59 +0700
Served asset /home.js - 304 Not Modified (0ms)


Started GET "/assets/i18n/translations.js?body=1" for 127.0.0.1 at 2013-03-07 15:52:59 +0700
Served asset /i18n/translations.js - 304 Not Modified (10ms)


Started GET "/assets/jquery.alerts.js?body=1" for 127.0.0.1 at 2013-03-07 15:52:59 +0700
Served asset /jquery.alerts.js - 304 Not Modified (0ms)


Started GET "/assets/jquery.mtask.js?body=1" for 127.0.0.1 at 2013-03-07 15:52:59 +0700
Served asset /jquery.mtask.js - 304 Not Modified (0ms)


Started GET "/assets/jquery.validate.min.js?body=1" for 127.0.0.1 at 2013-03-07 15:52:59 +0700
Served asset /jquery.validate.min.js - 304 Not Modified (0ms)


Started GET "/assets/layout.js?body=1" for 127.0.0.1 at 2013-03-07 15:52:59 +0700
Served asset /layout.js - 304 Not Modified (0ms)


Started GET "/assets/application.js?body=1" for 127.0.0.1 at 2013-03-07 15:52:59 +0700
Served asset /application.js - 304 Not Modified (8ms)


Started GET "/assets/application.css?body=1" for 127.0.0.1 at 2013-03-07 15:53:05 +0700
Served asset /application.css - 304 Not Modified (0ms)


Started GET "/assets/home.css?body=1" for 127.0.0.1 at 2013-03-07 15:53:05 +0700
Served asset /home.css - 304 Not Modified (0ms)


Started GET "/assets/jquery.alerts.css?body=1" for 127.0.0.1 at 2013-03-07 15:53:05 +0700
Served asset /jquery.alerts.css - 304 Not Modified (0ms)


Started GET "/assets/reset.css?body=1" for 127.0.0.1 at 2013-03-07 15:53:05 +0700
Served asset /reset.css - 304 Not Modified (0ms)


Started GET "/assets/style.css?body=1" for 127.0.0.1 at 2013-03-07 15:53:05 +0700
Served asset /style.css - 304 Not Modified (0ms)


Started GET "/assets/loading_128.gif" for 127.0.0.1 at 2013-03-07 16:06:22 +0700
Served asset /loading_128.gif - 304 Not Modified (0ms)


Started POST "/home/item_per_page" for 127.0.0.1 at 2013-03-07 16:06:22 +0700
  Processing by HomeController#item_per_page as JSON
  Parameters: {"page"=>"2"}
  [1m[35m (0.4ms)[0m  SELECT COUNT(*) FROM "clients" 
  [1m[36mClient Load (0.4ms)[0m  [1mSELECT "clients".* FROM "clients" LIMIT 10 OFFSET 10[0m
Completed 200 OK in 26ms (Views: 15.5ms | ActiveRecord: 5.1ms)


Started GET "/" for 127.0.0.1 at 2013-03-07 16:25:30 +0700
  Processing by HomeController#index as HTML
  [1m[35m (0.4ms)[0m  SELECT COUNT(*) FROM "clients" 
  [1m[36mClient Load (0.6ms)[0m  [1mSELECT "clients".* FROM "clients" LIMIT 10 OFFSET 0[0m
  [1m[35mCACHE (0.0ms)[0m  SELECT COUNT(*) FROM "clients" 
Rendered home/index.html.haml within layouts/application (42.8ms)
Compiled application.js  (6ms)  (pid 29186)
Compiled i18n/translations.js  (0ms)  (pid 29186)
Completed 200 OK in 119ms (Views: 106.9ms | ActiveRecord: 7.4ms)


Started GET "/assets/application.css?body=1" for 127.0.0.1 at 2013-03-07 16:25:30 +0700
Served asset /application.css - 304 Not Modified (0ms)


Started GET "/assets/reset.css?body=1" for 127.0.0.1 at 2013-03-07 16:25:30 +0700
Served asset /reset.css - 304 Not Modified (0ms)


Started GET "/assets/home.css?body=1" for 127.0.0.1 at 2013-03-07 16:25:30 +0700
Served asset /home.css - 304 Not Modified (0ms)


Started GET "/assets/jquery.js?body=1" for 127.0.0.1 at 2013-03-07 16:25:30 +0700
Served asset /jquery.js - 304 Not Modified (0ms)


Started GET "/assets/jquery.alerts.css?body=1" for 127.0.0.1 at 2013-03-07 16:25:30 +0700
Served asset /jquery.alerts.css - 304 Not Modified (0ms)


Started GET "/assets/style.css?body=1" for 127.0.0.1 at 2013-03-07 16:25:30 +0700
Served asset /style.css - 304 Not Modified (0ms)


Started GET "/assets/jquery_ujs.js?body=1" for 127.0.0.1 at 2013-03-07 16:25:30 +0700
Served asset /jquery_ujs.js - 304 Not Modified (0ms)


Started GET "/assets/home.js?body=1" for 127.0.0.1 at 2013-03-07 16:25:30 +0700
Served asset /home.js - 304 Not Modified (0ms)


Started GET "/assets/jquery.alerts.js?body=1" for 127.0.0.1 at 2013-03-07 16:25:30 +0700
Served asset /jquery.alerts.js - 304 Not Modified (0ms)


Started GET "/assets/i18n/i18n.js?body=1" for 127.0.0.1 at 2013-03-07 16:25:30 +0700
Served asset /i18n/i18n.js - 304 Not Modified (0ms)


Started GET "/assets/jquery.validate.min.js?body=1" for 127.0.0.1 at 2013-03-07 16:25:30 +0700
Served asset /jquery.validate.min.js - 304 Not Modified (0ms)


Started GET "/assets/jquery.mtask.js?body=1" for 127.0.0.1 at 2013-03-07 16:25:30 +0700
Served asset /jquery.mtask.js - 304 Not Modified (0ms)


Started GET "/assets/i18n/translations.js?body=1" for 127.0.0.1 at 2013-03-07 16:25:30 +0700
Served asset /i18n/translations.js - 304 Not Modified (4ms)


Started GET "/assets/layout.js?body=1" for 127.0.0.1 at 2013-03-07 16:25:30 +0700
Served asset /layout.js - 304 Not Modified (0ms)


Started GET "/assets/application.js?body=1" for 127.0.0.1 at 2013-03-07 16:25:30 +0700
Served asset /application.js - 304 Not Modified (5ms)


Started GET "/assets/application.css?body=1" for 127.0.0.1 at 2013-03-07 16:25:31 +0700
Served asset /application.css - 304 Not Modified (0ms)


Started GET "/assets/home.css?body=1" for 127.0.0.1 at 2013-03-07 16:25:31 +0700
Served asset /home.css - 304 Not Modified (0ms)


Started GET "/assets/jquery.alerts.css?body=1" for 127.0.0.1 at 2013-03-07 16:25:31 +0700
Served asset /jquery.alerts.css - 304 Not Modified (0ms)


Started GET "/assets/reset.css?body=1" for 127.0.0.1 at 2013-03-07 16:25:31 +0700
Served asset /reset.css - 304 Not Modified (0ms)


Started GET "/assets/style.css?body=1" for 127.0.0.1 at 2013-03-07 16:25:31 +0700
Served asset /style.css - 304 Not Modified (0ms)


Started GET "/assets/starlight/icons/default/sprites.png" for 127.0.0.1 at 2013-03-07 16:27:55 +0700
Served asset /starlight/icons/default/sprites.png - 304 Not Modified (0ms)


Started GET "/blank.gif" for 127.0.0.1 at 2013-03-07 16:27:55 +0700

ActionController::RoutingError (No route matches [GET] "/blank.gif"):
  

Rendered /home/tin/.rvm/gems/ruby-1.9.3-p374@global/gems/actionpack-3.1.10/lib/action_dispatch/middleware/templates/rescues/routing_error.erb within rescues/layout (1.0ms)


Started POST "/home/remove_item" for 127.0.0.1 at 2013-03-07 16:48:20 +0700
  Processing by HomeController#remove_item as JSON
  Parameters: {"list"=>["9", "10", "11", "12", "13", "14", "15", "19", "20", "21"], "page"=>"\n              1\n            ", "content"=>"", "type"=>"id"}
  [1m[36mClient Load (0.8ms)[0m  [1mSELECT "clients".* FROM "clients" WHERE (id IN ('9','10','11','12','13','14','15','19','20','21'))[0m
  [1m[35m (0.2ms)[0m  SHOW search_path
  [1m[36m (0.2ms)[0m  [1mBEGIN[0m
  [1m[35mSQL (1.1ms)[0m  DELETE FROM "clients" WHERE "clients"."id" = $1  [["id", 9]]
  [1m[36m (41.6ms)[0m  [1mCOMMIT[0m
  [1m[35m (0.2ms)[0m  BEGIN
  [1m[36mSQL (0.3ms)[0m  [1mDELETE FROM "clients" WHERE "clients"."id" = $1[0m  [["id", 10]]
  [1m[35m (9.8ms)[0m  COMMIT
  [1m[36m (0.2ms)[0m  [1mBEGIN[0m
  [1m[35mSQL (0.4ms)[0m  DELETE FROM "clients" WHERE "clients"."id" = $1  [["id", 11]]
  [1m[36m (8.9ms)[0m  [1mCOMMIT[0m
  [1m[35m (0.1ms)[0m  BEGIN
  [1m[36mSQL (0.2ms)[0m  [1mDELETE FROM "clients" WHERE "clients"."id" = $1[0m  [["id", 12]]
  [1m[35m (10.0ms)[0m  COMMIT
  [1m[36m (0.2ms)[0m  [1mBEGIN[0m
  [1m[35mSQL (0.4ms)[0m  DELETE FROM "clients" WHERE "clients"."id" = $1  [["id", 13]]
  [1m[36m (9.3ms)[0m  [1mCOMMIT[0m
  [1m[35m (0.2ms)[0m  BEGIN
  [1m[36mSQL (0.3ms)[0m  [1mDELETE FROM "clients" WHERE "clients"."id" = $1[0m  [["id", 14]]
  [1m[35m (9.4ms)[0m  COMMIT
  [1m[36m (0.2ms)[0m  [1mBEGIN[0m
  [1m[35mSQL (0.3ms)[0m  DELETE FROM "clients" WHERE "clients"."id" = $1  [["id", 15]]
  [1m[36m (10.0ms)[0m  [1mCOMMIT[0m
  [1m[35m (0.2ms)[0m  BEGIN
  [1m[36mSQL (0.2ms)[0m  [1mDELETE FROM "clients" WHERE "clients"."id" = $1[0m  [["id", 19]]
  [1m[35m (10.0ms)[0m  COMMIT
  [1m[36m (0.2ms)[0m  [1mBEGIN[0m
  [1m[35mSQL (0.3ms)[0m  DELETE FROM "clients" WHERE "clients"."id" = $1  [["id", 20]]
  [1m[36m (9.6ms)[0m  [1mCOMMIT[0m
  [1m[35m (0.1ms)[0m  BEGIN
  [1m[36mSQL (0.2ms)[0m  [1mDELETE FROM "clients" WHERE "clients"."id" = $1[0m  [["id", 21]]
  [1m[35m (10.0ms)[0m  COMMIT
  [1m[36mClient Load (0.7ms)[0m  [1mSELECT "clients".* FROM "clients" LIMIT 10 OFFSET 0[0m
  [1m[35m (0.4ms)[0m  SELECT COUNT(*) FROM "clients" 
Completed 200 OK in 233ms (Views: 12.5ms | ActiveRecord: 152.5ms)


Started POST "/home/remove_item" for 127.0.0.1 at 2013-03-07 16:48:28 +0700
  Processing by HomeController#remove_item as JSON
  Parameters: {"list"=>["22"], "page"=>"\n              1\n            ", "content"=>"", "type"=>"id"}
  [1m[36mClient Load (0.4ms)[0m  [1mSELECT "clients".* FROM "clients" WHERE (id IN ('22'))[0m
  [1m[35m (0.2ms)[0m  BEGIN
  [1m[36mSQL (1.0ms)[0m  [1mDELETE FROM "clients" WHERE "clients"."id" = $1[0m  [["id", 22]]
  [1m[35m (27.2ms)[0m  COMMIT
  [1m[36mClient Load (0.4ms)[0m  [1mSELECT "clients".* FROM "clients" LIMIT 10 OFFSET 0[0m
  [1m[35m (0.4ms)[0m  SELECT COUNT(*) FROM "clients" 
Completed 200 OK in 60ms (Views: 5.5ms | ActiveRecord: 35.0ms)
